<?xml version="1.0" encoding="UTF-8"?>
<testsuite xmlns:xsi="http://www.w3.org/2001/XMLSchema-instance" xsi:noNamespaceSchemaLocation="https://maven.apache.org/surefire/maven-surefire-plugin/xsd/surefire-test-report-3.0.xsd" version="3.0" name="ua.khpi.oop.lab10.ReservationScheduleTest" time="0.007" tests="3" errors="0" skipped="0" failures="0">
  <properties>
[...]
</properties>
  <testcase name="testAllowSameRoomForDifferentDates" classname="ua.khpi.oop.lab10.ReservationScheduleTest" time="0.003"/>
  <testcase name="testRejectOverlappingReservationForSameRoom" classname="ua.khpi.oop.lab10.ReservationScheduleTest" time="0.001"/>
  <testcase name="testAddReservationWithoutConflict" classname="ua.khpi.oop.lab10.ReservationScheduleTest" time="0.0"/>
</testsuite>